# JRE version: OpenJDK Runtime Environment Temurin-21.0.10+7 (21.0.10+7) (build 21.0.10+7-LTS)
# Java VM: OpenJDK 64-Bit Server VM Temurin-21.0.10+7 (21.0.10+7-LTS, mixed mode, sharing, tiered, compressed oops, compressed class ptrs, parallel gc, windows-amd64)
GC Precious Log:
 CardTable entry size: 512
 CPUs: 8 total, 8 available
 Memory: 10178M
 Large Page Support: Disabled
 NUMA Support: Disabled
 Compressed Oops: Enabled (32-bit)
 Alignments: Space 512K, Generation 512K, Heap 2M
 Heap Min Capacity: 100M
 Heap Initial Capacity: 100M
 Heap Max Capacity: 2G
 Pre-touch: Disabled
 Parallel Workers: 8
Heap:
 PSYoungGen      total 9216K, used 4734K [0x00000000d5580000, 0x00000000d6180000, 0x0000000100000000)
  eden space 7680K, 48% used [0x00000000d5580000,0x00000000d5927908,0x00000000d5d00000)
  from space 1536K, 64% used [0x00000000d5d00000,0x00000000d5df8000,0x00000000d5e80000)
  to   space 1536K, 0% used [0x00000000d6000000,0x00000000d6000000,0x00000000d6180000)
 ParOldGen       total 358912K, used 358471K [0x0000000080000000, 0x0000000095e80000, 0x00000000d5580000)
  object space 358912K, 99% used [0x0000000080000000,0x0000000095e11f48,0x0000000095e80000)
 Metaspace       used 74190K, committed 75776K, reserved 1179648K
  class space    used 7890K, committed 8576K, reserved 1048576K
GC Heap History (20 events):
Event: 76.189 GC heap after
{Heap after GC invocations=970 (full 4):
 PSYoungGen      total 7168K, used 507K [0x00000000d5580000, 0x00000000d5f80000, 0x0000000100000000)
  eden space 6656K, 0% used [0x00000000d5580000,0x00000000d5580000,0x00000000d5c00000)
  from space 512K, 99% used [0x00000000d5d80000,0x00000000d5dfec08,0x00000000d5e00000)
  to   space 1536K, 0% used [0x00000000d5c00000,0x00000000d5c00000,0x00000000d5d80000)
 ParOldGen       total 350720K, used 350399K [0x0000000080000000, 0x0000000095680000, 0x00000000d5580000)
  object space 350720K, 99% used [0x0000000080000000,0x000000009562fc68,0x0000000095680000)
 Metaspace       used 74188K, committed 75776K, reserved 1179648K
  class space    used 7890K, committed 8576K, reserved 1048576K
}
Event: 77.224 GC heap before
{Heap before GC invocations=971 (full 4):
 PSYoungGen      total 7168K, used 7163K [0x00000000d5580000, 0x00000000d5f80000, 0x0000000100000000)
  eden space 6656K, 100% used [0x00000000d5580000,0x00000000d5c00000,0x00000000d5c00000)
  from space 512K, 99% used [0x00000000d5d80000,0x00000000d5dfec08,0x00000000d5e00000)
  to   space 1536K, 0% used [0x00000000d5c00000,0x00000000d5c00000,0x00000000d5d80000)
 ParOldGen       total 350720K, used 350399K [0x0000000080000000, 0x0000000095680000, 0x00000000d5580000)
  object space 350720K, 99% used [0x0000000080000000,0x000000009562fc68,0x0000000095680000)
 Metaspace       used 74190K, committed 75776K, reserved 1179648K
  class space    used 7890K, committed 8576K, reserved 1048576K
}
Event: 77.226 GC heap after
{Heap after GC invocations=971 (full 4):
 PSYoungGen      total 7680K, used 886K [0x00000000d5580000, 0x00000000d5e00000, 0x0000000100000000)
  eden space 6656K, 0% used [0x00000000d5580000,0x00000000d5580000,0x00000000d5c00000)
  from space 1024K, 86% used [0x00000000d5c00000,0x00000000d5cdd808,0x00000000d5d00000)
  to   space 1024K, 0% used [0x00000000d5d00000,0x00000000d5d00000,0x00000000d5e00000)
 ParOldGen       total 351232K, used 350895K [0x0000000080000000, 0x0000000095700000, 0x00000000d5580000)
  object space 351232K, 99% used [0x0000000080000000,0x00000000956abc68,0x0000000095700000)
 Metaspace       used 74190K, committed 75776K, reserved 1179648K
  class space    used 7890K, committed 8576K, reserved 1048576K
}
Event: 77.239 GC heap before
{Heap before GC invocations=972 (full 4):
 PSYoungGen      total 7680K, used 7542K [0x00000000d5580000, 0x00000000d5e00000, 0x0000000100000000)
  eden space 6656K, 100% used [0x00000000d5580000,0x00000000d5c00000,0x00000000d5c00000)
  from space 1024K, 86% used [0x00000000d5c00000,0x00000000d5cdd808,0x00000000d5d00000)
  to   space 1024K, 0% used [0x00000000d5d00000,0x00000000d5d00000,0x00000000d5e00000)
 ParOldGen       total 351232K, used 350895K [0x0000000080000000, 0x0000000095700000, 0x00000000d5580000)
  object space 351232K, 99% used [0x0000000080000000,0x00000000956abc68,0x0000000095700000)
 Metaspace       used 74190K, committed 75776K, reserved 1179648K
  class space    used 7890K, committed 8576K, reserved 1048576K
}
Event: 80.273 GC heap after
{Heap after GC invocations=972 (full 4):
 PSYoungGen      total 7680K, used 864K [0x00000000d5580000, 0x00000000d5e00000, 0x0000000100000000)
  eden space 6656K, 0% used [0x00000000d5580000,0x00000000d5580000,0x00000000d5c00000)
  from space 1024K, 84% used [0x00000000d5d00000,0x00000000d5dd8000,0x00000000d5e00000)
  to   space 1024K, 0% used [0x00000000d5c00000,0x00000000d5c00000,0x00000000d5d00000)
 ParOldGen       total 351744K, used 351642K [0x0000000080000000, 0x0000000095780000, 0x00000000d5580000)
  object space 351744K, 99% used [0x0000000080000000,0x00000000957669e0,0x0000000095780000)
 Metaspace       used 74190K, committed 75776K, reserved 1179648K
  class space    used 7890K, committed 8576K, reserved 1048576K
}
Event: 80.351 GC heap before
{Heap before GC invocations=973 (full 4):
 PSYoungGen      total 7680K, used 7520K [0x00000000d5580000, 0x00000000d5e00000, 0x0000000100000000)
  eden space 6656K, 100% used [0x00000000d5580000,0x00000000d5c00000,0x00000000d5c00000)
  from space 1024K, 84% used [0x00000000d5d00000,0x00000000d5dd8000,0x00000000d5e00000)
  to   space 1024K, 0% used [0x00000000d5c00000,0x00000000d5c00000,0x00000000d5d00000)
 ParOldGen       total 351744K, used 351642K [0x0000000080000000, 0x0000000095780000, 0x00000000d5580000)
  object space 351744K, 99% used [0x0000000080000000,0x00000000957669e0,0x0000000095780000)
 Metaspace       used 74190K, committed 75776K, reserved 1179648K
  class space    used 7890K, committed 8576K, reserved 1048576K
}
Event: 80.354 GC heap after
{Heap after GC invocations=973 (full 4):
 PSYoungGen      total 7680K, used 800K [0x00000000d5580000, 0x00000000d5f80000, 0x0000000100000000)
  eden space 6656K, 0% used [0x00000000d5580000,0x00000000d5580000,0x00000000d5c00000)
  from space 1024K, 78% used [0x00000000d5c00000,0x00000000d5cc8230,0x00000000d5d00000)
  to   space 1024K, 0% used [0x00000000d5e80000,0x00000000d5e80000,0x00000000d5f80000)
 ParOldGen       total 352768K, used 352389K [0x0000000080000000, 0x0000000095880000, 0x00000000d5580000)
  object space 352768K, 99% used [0x0000000080000000,0x00000000958215e8,0x0000000095880000)
 Metaspace       used 74190K, committed 75776K, reserved 1179648K
  class space    used 7890K, committed 8576K, reserved 1048576K
}
Event: 80.416 GC heap before
{Heap before GC invocations=974 (full 4):
 PSYoungGen      total 7680K, used 7455K [0x00000000d5580000, 0x00000000d5f80000, 0x0000000100000000)
  eden space 6656K, 99% used [0x00000000d5580000,0x00000000d5bffb50,0x00000000d5c00000)
  from space 1024K, 78% used [0x00000000d5c00000,0x00000000d5cc8230,0x00000000d5d00000)
  to   space 1024K, 0% used [0x00000000d5e80000,0x00000000d5e80000,0x00000000d5f80000)
 ParOldGen       total 352768K, used 352389K [0x0000000080000000, 0x0000000095880000, 0x00000000d5580000)
  object space 352768K, 99% used [0x0000000080000000,0x00000000958215e8,0x0000000095880000)
 Metaspace       used 74190K, committed 75776K, reserved 1179648K
  class space    used 7890K, committed 8576K, reserved 1048576K
}
Event: 80.418 GC heap after
{Heap after GC invocations=974 (full 4):
 PSYoungGen      total 9216K, used 920K [0x00000000d5580000, 0x00000000d5f80000, 0x0000000100000000)
  eden space 8192K, 0% used [0x00000000d5580000,0x00000000d5580000,0x00000000d5d80000)
  from space 1024K, 89% used [0x00000000d5e80000,0x00000000d5f66098,0x00000000d5f80000)
  to   space 1024K, 0% used [0x00000000d5d80000,0x00000000d5d80000,0x00000000d5e80000)
 ParOldGen       total 353280K, used 353125K [0x0000000080000000, 0x0000000095900000, 0x00000000d5580000)
  object space 353280K, 99% used [0x0000000080000000,0x00000000958d9688,0x0000000095900000)
 Metaspace       used 74190K, committed 75776K, reserved 1179648K
  class space    used 7890K, committed 8576K, reserved 1048576K
}
Event: 80.451 GC heap before
{Heap before GC invocations=975 (full 4):
 PSYoungGen      total 9216K, used 9112K [0x00000000d5580000, 0x00000000d5f80000, 0x0000000100000000)
  eden space 8192K, 100% used [0x00000000d5580000,0x00000000d5d80000,0x00000000d5d80000)
  from space 1024K, 89% used [0x00000000d5e80000,0x00000000d5f66098,0x00000000d5f80000)
  to   space 1024K, 0% used [0x00000000d5d80000,0x00000000d5d80000,0x00000000d5e80000)
 ParOldGen       total 353280K, used 353125K [0x0000000080000000, 0x0000000095900000, 0x00000000d5580000)
  object space 353280K, 99% used [0x0000000080000000,0x00000000958d9688,0x0000000095900000)
 Metaspace       used 74190K, committed 75776K, reserved 1179648K
  class space    used 7890K, committed 8576K, reserved 1048576K
}
Event: 80.453 GC heap after
{Heap after GC invocations=975 (full 4):
 PSYoungGen      total 9216K, used 928K [0x00000000d5580000, 0x00000000d5f80000, 0x0000000100000000)
  eden space 8192K, 0% used [0x00000000d5580000,0x00000000d5580000,0x00000000d5d80000)
  from space 1024K, 90% used [0x00000000d5d80000,0x00000000d5e68000,0x00000000d5e80000)
  to   space 1024K, 0% used [0x00000000d5e80000,0x00000000d5e80000,0x00000000d5f80000)
 ParOldGen       total 354304K, used 353875K [0x0000000080000000, 0x0000000095a00000, 0x00000000d5580000)
  object space 354304K, 99% used [0x0000000080000000,0x0000000095994e90,0x0000000095a00000)
 Metaspace       used 74190K, committed 75776K, reserved 1179648K
  class space    used 7890K, committed 8576K, reserved 1048576K
}
Event: 80.516 GC heap before
{Heap before GC invocations=976 (full 4):
 PSYoungGen      total 9216K, used 9120K [0x00000000d5580000, 0x00000000d5f80000, 0x0000000100000000)
  eden space 8192K, 100% used [0x00000000d5580000,0x00000000d5d80000,0x00000000d5d80000)
  from space 1024K, 90% used [0x00000000d5d80000,0x00000000d5e68000,0x00000000d5e80000)
  to   space 1024K, 0% used [0x00000000d5e80000,0x00000000d5e80000,0x00000000d5f80000)
 ParOldGen       total 354304K, used 353875K [0x0000000080000000, 0x0000000095a00000, 0x00000000d5580000)
  object space 354304K, 99% used [0x0000000080000000,0x0000000095994e90,0x0000000095a00000)
 Metaspace       used 74190K, committed 75776K, reserved 1179648K
  class space    used 7890K, committed 8576K, reserved 1048576K
}
Event: 80.518 GC heap after
{Heap after GC invocations=976 (full 4):
 PSYoungGen      total 9216K, used 736K [0x00000000d5580000, 0x00000000d5f80000, 0x0000000100000000)
  eden space 8192K, 0% used [0x00000000d5580000,0x00000000d5580000,0x00000000d5d80000)
  from space 1024K, 71% used [0x00000000d5e80000,0x00000000d5f38000,0x00000000d5f80000)
  to   space 1024K, 0% used [0x00000000d5d80000,0x00000000d5d80000,0x00000000d5e80000)
 ParOldGen       total 354816K, used 354691K [0x0000000080000000, 0x0000000095a80000, 0x00000000d5580000)
  object space 354816K, 99% used [0x0000000080000000,0x0000000095a60e90,0x0000000095a80000)
 Metaspace       used 74190K, committed 75776K, reserved 1179648K
  class space    used 7890K, committed 8576K, reserved 1048576K
}
Event: 80.644 GC heap before
{Heap before GC invocations=977 (full 4):
 PSYoungGen      total 9216K, used 8928K [0x00000000d5580000, 0x00000000d5f80000, 0x0000000100000000)
  eden space 8192K, 100% used [0x00000000d5580000,0x00000000d5d80000,0x00000000d5d80000)
  from space 1024K, 71% used [0x00000000d5e80000,0x00000000d5f38000,0x00000000d5f80000)
  to   space 1024K, 0% used [0x00000000d5d80000,0x00000000d5d80000,0x00000000d5e80000)
 ParOldGen       total 354816K, used 354691K [0x0000000080000000, 0x0000000095a80000, 0x00000000d5580000)
  object space 354816K, 99% used [0x0000000080000000,0x0000000095a60e90,0x0000000095a80000)
 Metaspace       used 74190K, committed 75776K, reserved 1179648K
  class space    used 7890K, committed 8576K, reserved 1048576K
}
Event: 80.646 GC heap after
{Heap after GC invocations=977 (full 4):
 PSYoungGen      total 9216K, used 402K [0x00000000d5580000, 0x00000000d5f80000, 0x0000000100000000)
  eden space 8192K, 0% used [0x00000000d5580000,0x00000000d5580000,0x00000000d5d80000)
  from space 1024K, 39% used [0x00000000d5d80000,0x00000000d5de4858,0x00000000d5e80000)
  to   space 1024K, 0% used [0x00000000d5e80000,0x00000000d5e80000,0x00000000d5f80000)
 ParOldGen       total 355328K, used 355305K [0x0000000080000000, 0x0000000095b00000, 0x00000000d5580000)
  object space 355328K, 99% used [0x0000000080000000,0x0000000095afa4a0,0x0000000095b00000)
 Metaspace       used 74190K, committed 75776K, reserved 1179648K
  class space    used 7890K, committed 8576K, reserved 1048576K
}
Event: 80.699 GC heap before
{Heap before GC invocations=978 (full 4):
 PSYoungGen      total 9216K, used 8594K [0x00000000d5580000, 0x00000000d5f80000, 0x0000000100000000)
  eden space 8192K, 100% used [0x00000000d5580000,0x00000000d5d80000,0x00000000d5d80000)
  from space 1024K, 39% used [0x00000000d5d80000,0x00000000d5de4858,0x00000000d5e80000)
  to   space 1024K, 0% used [0x00000000d5e80000,0x00000000d5e80000,0x00000000d5f80000)
 ParOldGen       total 355328K, used 355305K [0x0000000080000000, 0x0000000095b00000, 0x00000000d5580000)
  object space 355328K, 99% used [0x0000000080000000,0x0000000095afa4a0,0x0000000095b00000)
 Metaspace       used 74190K, committed 75776K, reserved 1179648K
  class space    used 7890K, committed 8576K, reserved 1048576K
}
Event: 80.701 GC heap after
{Heap after GC invocations=978 (full 4):
 PSYoungGen      total 8704K, used 1024K [0x00000000d5580000, 0x00000000d6080000, 0x0000000100000000)
  eden space 7680K, 0% used [0x00000000d5580000,0x00000000d5580000,0x00000000d5d00000)
  from space 1024K, 100% used [0x00000000d5e80000,0x00000000d5f80000,0x00000000d5f80000)
  to   space 1536K, 0% used [0x00000000d5d00000,0x00000000d5d00000,0x00000000d5e80000)
 ParOldGen       total 355840K, used 355611K [0x0000000080000000, 0x0000000095b80000, 0x00000000d5580000)
  object space 355840K, 99% used [0x0000000080000000,0x0000000095b46f40,0x0000000095b80000)
 Metaspace       used 74190K, committed 75776K, reserved 1179648K
  class space    used 7890K, committed 8576K, reserved 1048576K
}
Event: 80.739 GC heap before
{Heap before GC invocations=979 (full 4):
 PSYoungGen      total 8704K, used 8704K [0x00000000d5580000, 0x00000000d6080000, 0x0000000100000000)
  eden space 7680K, 100% used [0x00000000d5580000,0x00000000d5d00000,0x00000000d5d00000)
  from space 1024K, 100% used [0x00000000d5e80000,0x00000000d5f80000,0x00000000d5f80000)
  to   space 1536K, 0% used [0x00000000d5d00000,0x00000000d5d00000,0x00000000d5e80000)
 ParOldGen       total 355840K, used 355611K [0x0000000080000000, 0x0000000095b80000, 0x00000000d5580000)
  object space 355840K, 99% used [0x0000000080000000,0x0000000095b46f40,0x0000000095b80000)
 Metaspace       used 74190K, committed 75776K, reserved 1179648K
  class space    used 7890K, committed 8576K, reserved 1048576K
}
Event: 80.740 GC heap after
{Heap after GC invocations=979 (full 4):
 PSYoungGen      total 9216K, used 1014K [0x00000000d5580000, 0x00000000d6000000, 0x0000000100000000)
  eden space 7680K, 0% used [0x00000000d5580000,0x00000000d5580000,0x00000000d5d00000)
  from space 1536K, 66% used [0x00000000d5d00000,0x00000000d5dfd808,0x00000000d5e80000)
  to   space 1536K, 0% used [0x00000000d5e80000,0x00000000d5e80000,0x00000000d6000000)
 ParOldGen       total 356864K, used 356603K [0x0000000080000000, 0x0000000095c80000, 0x00000000d5580000)
  object space 356864K, 99% used [0x0000000080000000,0x0000000095c3ef40,0x0000000095c80000)
 Metaspace       used 74190K, committed 75776K, reserved 1179648K
  class space    used 7890K, committed 8576K, reserved 1048576K
}
Event: 80.785 GC heap before
{Heap before GC invocations=980 (full 4):
 PSYoungGen      total 9216K, used 8694K [0x00000000d5580000, 0x00000000d6000000, 0x0000000100000000)
  eden space 7680K, 100% used [0x00000000d5580000,0x00000000d5d00000,0x00000000d5d00000)
  from space 1536K, 66% used [0x00000000d5d00000,0x00000000d5dfd808,0x00000000d5e80000)
  to   space 1536K, 0% used [0x00000000d5e80000,0x00000000d5e80000,0x00000000d6000000)
 ParOldGen       total 356864K, used 356603K [0x0000000080000000, 0x0000000095c80000, 0x00000000d5580000)
  object space 356864K, 99% used [0x0000000080000000,0x0000000095c3ef40,0x0000000095c80000)
 Metaspace       used 74190K, committed 75776K, reserved 1179648K
  class space    used 7890K, committed 8576K, reserved 1048576K
}

