# JRE version: OpenJDK Runtime Environment Temurin-21.0.10+7 (21.0.10+7) (build 21.0.10+7-LTS)
# Java VM: OpenJDK 64-Bit Server VM Temurin-21.0.10+7 (21.0.10+7-LTS, mixed mode, sharing, tiered, compressed oops, compressed class ptrs, parallel gc, windows-amd64)
GC Precious Log:
 CardTable entry size: 512
 CPUs: 8 total, 8 available
 Memory: 10178M
 Large Page Support: Disabled
 NUMA Support: Disabled
 Compressed Oops: Enabled (32-bit)
 Alignments: Space 512K, Generation 512K, Heap 2M
 Heap Min Capacity: 100M
 Heap Initial Capacity: 100M
 Heap Max Capacity: 2G
 Pre-touch: Disabled
 Parallel Workers: 8
Heap:
 PSYoungGen      total 24064K, used 9312K [0x00000000d5580000, 0x00000000d7300000, 0x0000000100000000)
  eden space 22016K, 33% used [0x00000000d5580000,0x00000000d5c99a10,0x00000000d6b00000)
  from space 2048K, 99% used [0x00000000d6e80000,0x00000000d707e928,0x00000000d7080000)
  to   space 2560K, 0% used [0x00000000d7080000,0x00000000d7080000,0x00000000d7300000)
 ParOldGen       total 68608K, used 19768K [0x0000000080000000, 0x0000000084300000, 0x00000000d5580000)
  object space 68608K, 28% used [0x0000000080000000,0x000000008134e118,0x0000000084300000)
 Metaspace       used 38011K, committed 39040K, reserved 1114112K
  class space    used 4010K, committed 4480K, reserved 1048576K
GC Heap History (20 events):
Event: 9.804 GC heap before
{Heap before GC invocations=8 (full 0):
 PSYoungGen      total 29184K, used 10457K [0x00000000d5580000, 0x00000000d7c00000, 0x0000000100000000)
  eden space 24064K, 22% used [0x00000000d5580000,0x00000000d5ab6ff0,0x00000000d6d00000)
  from space 5120K, 99% used [0x00000000d6e80000,0x00000000d737f558,0x00000000d7380000)
  to   space 7680K, 0% used [0x00000000d7480000,0x00000000d7480000,0x00000000d7c00000)
 ParOldGen       total 68608K, used 10001K [0x0000000080000000, 0x0000000084300000, 0x00000000d5580000)
  object space 68608K, 14% used [0x0000000080000000,0x00000000809c44a0,0x0000000084300000)
 Metaspace       used 20763K, committed 21504K, reserved 1114112K
  class space    used 2136K, committed 2432K, reserved 1048576K
}
Event: 9.808 GC heap after
{Heap after GC invocations=8 (full 0):
 PSYoungGen      total 28160K, used 3789K [0x00000000d5580000, 0x00000000d7880000, 0x0000000100000000)
  eden space 24064K, 0% used [0x00000000d5580000,0x00000000d5580000,0x00000000d6d00000)
  from space 4096K, 92% used [0x00000000d7480000,0x00000000d78336a8,0x00000000d7880000)
  to   space 5120K, 0% used [0x00000000d6e80000,0x00000000d6e80000,0x00000000d7380000)
 ParOldGen       total 68608K, used 10571K [0x0000000080000000, 0x0000000084300000, 0x00000000d5580000)
  object space 68608K, 15% used [0x0000000080000000,0x0000000080a52dd0,0x0000000084300000)
 Metaspace       used 20763K, committed 21504K, reserved 1114112K
  class space    used 2136K, committed 2432K, reserved 1048576K
}
Event: 9.808 GC heap before
{Heap before GC invocations=9 (full 1):
 PSYoungGen      total 28160K, used 3789K [0x00000000d5580000, 0x00000000d7880000, 0x0000000100000000)
  eden space 24064K, 0% used [0x00000000d5580000,0x00000000d5580000,0x00000000d6d00000)
  from space 4096K, 92% used [0x00000000d7480000,0x00000000d78336a8,0x00000000d7880000)
  to   space 5120K, 0% used [0x00000000d6e80000,0x00000000d6e80000,0x00000000d7380000)
 ParOldGen       total 68608K, used 10571K [0x0000000080000000, 0x0000000084300000, 0x00000000d5580000)
  object space 68608K, 15% used [0x0000000080000000,0x0000000080a52dd0,0x0000000084300000)
 Metaspace       used 20763K, committed 21504K, reserved 1114112K
  class space    used 2136K, committed 2432K, reserved 1048576K
}
Event: 9.853 GC heap after
{Heap after GC invocations=9 (full 1):
 PSYoungGen      total 28160K, used 0K [0x00000000d5580000, 0x00000000d7880000, 0x0000000100000000)
  eden space 24064K, 0% used [0x00000000d5580000,0x00000000d5580000,0x00000000d6d00000)
  from space 4096K, 0% used [0x00000000d7480000,0x00000000d7480000,0x00000000d7880000)
  to   space 5120K, 0% used [0x00000000d6e80000,0x00000000d6e80000,0x00000000d7380000)
 ParOldGen       total 68608K, used 13723K [0x0000000080000000, 0x0000000084300000, 0x00000000d5580000)
  object space 68608K, 20% used [0x0000000080000000,0x0000000080d66c28,0x0000000084300000)
 Metaspace       used 20750K, committed 21504K, reserved 1114112K
  class space    used 2132K, committed 2432K, reserved 1048576K
}
Event: 10.473 GC heap before
{Heap before GC invocations=10 (full 1):
 PSYoungGen      total 28160K, used 24064K [0x00000000d5580000, 0x00000000d7880000, 0x0000000100000000)
  eden space 24064K, 100% used [0x00000000d5580000,0x00000000d6d00000,0x00000000d6d00000)
  from space 4096K, 0% used [0x00000000d7480000,0x00000000d7480000,0x00000000d7880000)
  to   space 5120K, 0% used [0x00000000d6e80000,0x00000000d6e80000,0x00000000d7380000)
 ParOldGen       total 68608K, used 13723K [0x0000000080000000, 0x0000000084300000, 0x00000000d5580000)
  object space 68608K, 20% used [0x0000000080000000,0x0000000080d66c28,0x0000000084300000)
 Metaspace       used 24450K, committed 25280K, reserved 1114112K
  class space    used 2420K, committed 2752K, reserved 1048576K
}
Event: 10.475 GC heap after
{Heap after GC invocations=10 (full 1):
 PSYoungGen      total 24064K, used 384K [0x00000000d5580000, 0x00000000d7500000, 0x0000000100000000)
  eden space 23552K, 0% used [0x00000000d5580000,0x00000000d5580000,0x00000000d6c80000)
  from space 512K, 75% used [0x00000000d6e80000,0x00000000d6ee0000,0x00000000d6f00000)
  to   space 2048K, 0% used [0x00000000d7300000,0x00000000d7300000,0x00000000d7500000)
 ParOldGen       total 68608K, used 13731K [0x0000000080000000, 0x0000000084300000, 0x00000000d5580000)
  object space 68608K, 20% used [0x0000000080000000,0x0000000080d68c28,0x0000000084300000)
 Metaspace       used 24450K, committed 25280K, reserved 1114112K
  class space    used 2420K, committed 2752K, reserved 1048576K
}
Event: 10.765 GC heap before
{Heap before GC invocations=11 (full 1):
 PSYoungGen      total 24064K, used 23936K [0x00000000d5580000, 0x00000000d7500000, 0x0000000100000000)
  eden space 23552K, 100% used [0x00000000d5580000,0x00000000d6c80000,0x00000000d6c80000)
  from space 512K, 75% used [0x00000000d6e80000,0x00000000d6ee0000,0x00000000d6f00000)
  to   space 2048K, 0% used [0x00000000d7300000,0x00000000d7300000,0x00000000d7500000)
 ParOldGen       total 68608K, used 13731K [0x0000000080000000, 0x0000000084300000, 0x00000000d5580000)
  object space 68608K, 20% used [0x0000000080000000,0x0000000080d68c28,0x0000000084300000)
 Metaspace       used 26128K, committed 27008K, reserved 1114112K
  class space    used 2595K, committed 3008K, reserved 1048576K
}
Event: 10.768 GC heap after
{Heap after GC invocations=11 (full 1):
 PSYoungGen      total 25088K, used 2047K [0x00000000d5580000, 0x00000000d7500000, 0x0000000100000000)
  eden space 23040K, 0% used [0x00000000d5580000,0x00000000d5580000,0x00000000d6c00000)
  from space 2048K, 99% used [0x00000000d7300000,0x00000000d74ffd60,0x00000000d7500000)
  to   space 2560K, 0% used [0x00000000d7000000,0x00000000d7000000,0x00000000d7280000)
 ParOldGen       total 68608K, used 14520K [0x0000000080000000, 0x0000000084300000, 0x00000000d5580000)
  object space 68608K, 21% used [0x0000000080000000,0x0000000080e2e138,0x0000000084300000)
 Metaspace       used 26128K, committed 27008K, reserved 1114112K
  class space    used 2595K, committed 3008K, reserved 1048576K
}
Event: 11.384 GC heap before
{Heap before GC invocations=12 (full 1):
 PSYoungGen      total 25088K, used 25087K [0x00000000d5580000, 0x00000000d7500000, 0x0000000100000000)
  eden space 23040K, 100% used [0x00000000d5580000,0x00000000d6c00000,0x00000000d6c00000)
  from space 2048K, 99% used [0x00000000d7300000,0x00000000d74ffd60,0x00000000d7500000)
  to   space 2560K, 0% used [0x00000000d7000000,0x00000000d7000000,0x00000000d7280000)
 ParOldGen       total 68608K, used 14520K [0x0000000080000000, 0x0000000084300000, 0x00000000d5580000)
  object space 68608K, 21% used [0x0000000080000000,0x0000000080e2e138,0x0000000084300000)
 Metaspace       used 29173K, committed 30016K, reserved 1114112K
  class space    used 2944K, committed 3328K, reserved 1048576K
}
Event: 11.387 GC heap after
{Heap after GC invocations=12 (full 1):
 PSYoungGen      total 24576K, used 1582K [0x00000000d5580000, 0x00000000d7380000, 0x0000000100000000)
  eden space 22528K, 0% used [0x00000000d5580000,0x00000000d5580000,0x00000000d6b80000)
  from space 2048K, 77% used [0x00000000d7000000,0x00000000d718bbf8,0x00000000d7200000)
  to   space 1536K, 0% used [0x00000000d7200000,0x00000000d7200000,0x00000000d7380000)
 ParOldGen       total 68608K, used 15956K [0x0000000080000000, 0x0000000084300000, 0x00000000d5580000)
  object space 68608K, 23% used [0x0000000080000000,0x0000000080f951b8,0x0000000084300000)
 Metaspace       used 29173K, committed 30016K, reserved 1114112K
  class space    used 2944K, committed 3328K, reserved 1048576K
}
Event: 11.924 GC heap before
{Heap before GC invocations=13 (full 1):
 PSYoungGen      total 24576K, used 24110K [0x00000000d5580000, 0x00000000d7380000, 0x0000000100000000)
  eden space 22528K, 100% used [0x00000000d5580000,0x00000000d6b80000,0x00000000d6b80000)
  from space 2048K, 77% used [0x00000000d7000000,0x00000000d718bbf8,0x00000000d7200000)
  to   space 1536K, 0% used [0x00000000d7200000,0x00000000d7200000,0x00000000d7380000)
 ParOldGen       total 68608K, used 15956K [0x0000000080000000, 0x0000000084300000, 0x00000000d5580000)
  object space 68608K, 23% used [0x0000000080000000,0x0000000080f951b8,0x0000000084300000)
 Metaspace       used 31767K, committed 32640K, reserved 1114112K
  class space    used 3250K, committed 3648K, reserved 1048576K
}
Event: 11.928 GC heap after
{Heap after GC invocations=13 (full 1):
 PSYoungGen      total 23552K, used 1049K [0x00000000d5580000, 0x00000000d7380000, 0x0000000100000000)
  eden space 22016K, 0% used [0x00000000d5580000,0x00000000d5580000,0x00000000d6b00000)
  from space 1536K, 68% used [0x00000000d7200000,0x00000000d73065b0,0x00000000d7380000)
  to   space 1536K, 0% used [0x00000000d7080000,0x00000000d7080000,0x00000000d7200000)
 ParOldGen       total 68608K, used 17283K [0x0000000080000000, 0x0000000084300000, 0x00000000d5580000)
  object space 68608K, 25% used [0x0000000080000000,0x00000000810e0ea8,0x0000000084300000)
 Metaspace       used 31767K, committed 32640K, reserved 1114112K
  class space    used 3250K, committed 3648K, reserved 1048576K
}
Event: 12.350 GC heap before
{Heap before GC invocations=14 (full 1):
 PSYoungGen      total 23552K, used 23065K [0x00000000d5580000, 0x00000000d7380000, 0x0000000100000000)
  eden space 22016K, 100% used [0x00000000d5580000,0x00000000d6b00000,0x00000000d6b00000)
  from space 1536K, 68% used [0x00000000d7200000,0x00000000d73065b0,0x00000000d7380000)
  to   space 1536K, 0% used [0x00000000d7080000,0x00000000d7080000,0x00000000d7200000)
 ParOldGen       total 68608K, used 17283K [0x0000000080000000, 0x0000000084300000, 0x00000000d5580000)
  object space 68608K, 25% used [0x0000000080000000,0x00000000810e0ea8,0x0000000084300000)
 Metaspace       used 33983K, committed 35008K, reserved 1114112K
  class space    used 3528K, committed 3968K, reserved 1048576K
}
Event: 12.354 GC heap after
{Heap after GC invocations=14 (full 1):
 PSYoungGen      total 23552K, used 1378K [0x00000000d5580000, 0x00000000d7280000, 0x0000000100000000)
  eden space 22016K, 0% used [0x00000000d5580000,0x00000000d5580000,0x00000000d6b00000)
  from space 1536K, 89% used [0x00000000d7080000,0x00000000d71d8860,0x00000000d7200000)
  to   space 512K, 0% used [0x00000000d7200000,0x00000000d7200000,0x00000000d7280000)
 ParOldGen       total 68608K, used 18042K [0x0000000080000000, 0x0000000084300000, 0x00000000d5580000)
  object space 68608K, 26% used [0x0000000080000000,0x000000008119e880,0x0000000084300000)
 Metaspace       used 33983K, committed 35008K, reserved 1114112K
  class space    used 3528K, committed 3968K, reserved 1048576K
}
Event: 12.471 GC heap before
{Heap before GC invocations=15 (full 1):
 PSYoungGen      total 23552K, used 8951K [0x00000000d5580000, 0x00000000d7280000, 0x0000000100000000)
  eden space 22016K, 34% used [0x00000000d5580000,0x00000000d5ce55d8,0x00000000d6b00000)
  from space 1536K, 89% used [0x00000000d7080000,0x00000000d71d8860,0x00000000d7200000)
  to   space 512K, 0% used [0x00000000d7200000,0x00000000d7200000,0x00000000d7280000)
 ParOldGen       total 68608K, used 18042K [0x0000000080000000, 0x0000000084300000, 0x00000000d5580000)
  object space 68608K, 26% used [0x0000000080000000,0x000000008119e880,0x0000000084300000)
 Metaspace       used 34837K, committed 35840K, reserved 1114112K
  class space    used 3631K, committed 4096K, reserved 1048576K
}
Event: 12.474 GC heap after
{Heap after GC invocations=15 (full 1):
 PSYoungGen      total 22528K, used 512K [0x00000000d5580000, 0x00000000d7280000, 0x0000000100000000)
  eden space 22016K, 0% used [0x00000000d5580000,0x00000000d5580000,0x00000000d6b00000)
  from space 512K, 100% used [0x00000000d7200000,0x00000000d7280000,0x00000000d7280000)
  to   space 2048K, 0% used [0x00000000d6e80000,0x00000000d6e80000,0x00000000d7080000)
 ParOldGen       total 68608K, used 19228K [0x0000000080000000, 0x0000000084300000, 0x00000000d5580000)
  object space 68608K, 28% used [0x0000000080000000,0x00000000812c7050,0x0000000084300000)
 Metaspace       used 34837K, committed 35840K, reserved 1114112K
  class space    used 3631K, committed 4096K, reserved 1048576K
}
Event: 12.474 GC heap before
{Heap before GC invocations=16 (full 2):
 PSYoungGen      total 22528K, used 512K [0x00000000d5580000, 0x00000000d7280000, 0x0000000100000000)
  eden space 22016K, 0% used [0x00000000d5580000,0x00000000d5580000,0x00000000d6b00000)
  from space 512K, 100% used [0x00000000d7200000,0x00000000d7280000,0x00000000d7280000)
  to   space 2048K, 0% used [0x00000000d6e80000,0x00000000d6e80000,0x00000000d7080000)
 ParOldGen       total 68608K, used 19228K [0x0000000080000000, 0x0000000084300000, 0x00000000d5580000)
  object space 68608K, 28% used [0x0000000080000000,0x00000000812c7050,0x0000000084300000)
 Metaspace       used 34837K, committed 35840K, reserved 1114112K
  class space    used 3631K, committed 4096K, reserved 1048576K
}
Event: 12.527 GC heap after
{Heap after GC invocations=16 (full 2):
 PSYoungGen      total 22528K, used 0K [0x00000000d5580000, 0x00000000d7280000, 0x0000000100000000)
  eden space 22016K, 0% used [0x00000000d5580000,0x00000000d5580000,0x00000000d6b00000)
  from space 512K, 0% used [0x00000000d7200000,0x00000000d7200000,0x00000000d7280000)
  to   space 2048K, 0% used [0x00000000d6e80000,0x00000000d6e80000,0x00000000d7080000)
 ParOldGen       total 68608K, used 18351K [0x0000000080000000, 0x0000000084300000, 0x00000000d5580000)
  object space 68608K, 26% used [0x0000000080000000,0x00000000811ebe28,0x0000000084300000)
 Metaspace       used 34826K, committed 35840K, reserved 1114112K
  class space    used 3628K, committed 4096K, reserved 1048576K
}
Event: 12.815 GC heap before
{Heap before GC invocations=17 (full 2):
 PSYoungGen      total 22528K, used 22016K [0x00000000d5580000, 0x00000000d7280000, 0x0000000100000000)
  eden space 22016K, 100% used [0x00000000d5580000,0x00000000d6b00000,0x00000000d6b00000)
  from space 512K, 0% used [0x00000000d7200000,0x00000000d7200000,0x00000000d7280000)
  to   space 2048K, 0% used [0x00000000d6e80000,0x00000000d6e80000,0x00000000d7080000)
 ParOldGen       total 68608K, used 18351K [0x0000000080000000, 0x0000000084300000, 0x00000000d5580000)
  object space 68608K, 26% used [0x0000000080000000,0x00000000811ebe28,0x0000000084300000)
 Metaspace       used 36951K, committed 38016K, reserved 1114112K
  class space    used 3903K, committed 4352K, reserved 1048576K
}
Event: 12.818 GC heap after
{Heap after GC invocations=17 (full 2):
 PSYoungGen      total 24064K, used 2042K [0x00000000d5580000, 0x00000000d7300000, 0x0000000100000000)
  eden space 22016K, 0% used [0x00000000d5580000,0x00000000d5580000,0x00000000d6b00000)
  from space 2048K, 99% used [0x00000000d6e80000,0x00000000d707e928,0x00000000d7080000)
  to   space 2560K, 0% used [0x00000000d7080000,0x00000000d7080000,0x00000000d7300000)
 ParOldGen       total 68608K, used 19768K [0x0000000080000000, 0x0000000084300000, 0x00000000d5580000)
  object space 68608K, 28% used [0x0000000080000000,0x000000008134e118,0x0000000084300000)
 Metaspace       used 36951K, committed 38016K, reserved 1114112K
  class space    used 3903K, committed 4352K, reserved 1048576K
}

